{
  "RSpec": {
    "coverage": {
      "/Users/travisvalentine/hungry-projects/open_source/POP/app/controllers/application_controller.rb": [
        1,
        1,
        null,
        1,
        null,
        1,
        302,
        null,
        1,
        null,
        1,
        2,
        null,
        null,
        1,
        88,
        null,
        1,
        null,
        1,
        1,
        null,
        null,
        1,
        0,
        null,
        null,
        1,
        1,
        null,
        1,
        null,
        1,
        4,
        null,
        null,
        null
      ],
      "/Users/travisvalentine/hungry-projects/open_source/POP/app/controllers/existing_problem_votes_controller.rb": [
        1,
        1,
        null,
        1,
        1,
        1,
        1,
        1,
        null,
        0,
        null,
        null,
        null
      ],
      "/Users/travisvalentine/hungry-projects/open_source/POP/app/controllers/existing_solution_votes_controller.rb": [
        1,
        1,
        null,
        1,
        0,
        0,
        0,
        0,
        null,
        0,
        null,
        null,
        null
      ],
      "/Users/travisvalentine/hungry-projects/open_source/POP/app/controllers/issues_controller.rb": [
        1,
        null,
        1,
        0,
        null,
        null,
        1,
        0,
        0,
        0,
        null,
        0,
        null,
        null,
        null,
        1,
        0,
        null,
        null,
        1,
        0,
        null,
        null
      ],
      "/Users/travisvalentine/hungry-projects/open_source/POP/app/controllers/oauth_controller.rb": [
        1,
        null,
        1,
        null,
        0,
        0,
        null,
        0,
        0,
        0,
        0,
        null,
        0,
        0,
        0,
        0,
        null,
        null,
        null,
        1,
        null,
        1,
        0,
        0,
        null,
        null,
        null
      ],
      "/Users/travisvalentine/hungry-projects/open_source/POP/app/controllers/password_resets_controller.rb": [
        1,
        null,
        1,
        null,
        null,
        1,
        1,
        1,
        1,
        1,
        null,
        0,
        null,
        null,
        null,
        null,
        1,
        2,
        1,
        null,
        null,
        1,
        2,
        2,
        0,
        2,
        1,
        null,
        1,
        null,
        null,
        null
      ],
      "/Users/travisvalentine/hungry-projects/open_source/POP/app/controllers/problem_downvotes_controller.rb": [
        1,
        1,
        null,
        1,
        0,
        0,
        0,
        0,
        null,
        0,
        null,
        null,
        null
      ],
      "/Users/travisvalentine/hungry-projects/open_source/POP/app/controllers/problem_upvotes_controller.rb": [
        1,
        1,
        null,
        1,
        3,
        3,
        3,
        3,
        null,
        0,
        null,
        null,
        null
      ],
      "/Users/travisvalentine/hungry-projects/open_source/POP/app/controllers/problems_controller.rb": [
        1,
        1,
        null,
        1,
        0,
        null,
        null,
        1,
        0,
        0,
        0,
        0,
        0,
        0,
        0,
        null,
        0,
        null,
        null,
        null,
        1,
        20,
        null,
        null,
        1,
        14,
        null,
        null,
        1,
        null,
        1,
        0,
        null,
        0,
        null,
        null
      ],
      "/Users/travisvalentine/hungry-projects/open_source/POP/app/controllers/profiles_controller.rb": [
        1,
        1,
        null,
        1,
        0,
        null,
        null,
        1,
        0,
        0,
        0,
        null,
        0,
        null,
        null,
        null,
        1,
        0,
        null,
        null,
        1,
        6,
        6,
        null,
        null,
        1,
        0,
        null,
        null,
        1,
        0,
        0,
        0,
        null,
        0,
        null,
        null,
        null
      ],
      "/Users/travisvalentine/hungry-projects/open_source/POP/app/controllers/sessions_controller.rb": [
        1,
        null,
        1,
        18,
        null,
        18,
        18,
        18,
        null,
        0,
        0,
        null,
        null,
        null,
        1,
        1,
        1,
        null,
        null,
        null
      ],
      "/Users/travisvalentine/hungry-projects/open_source/POP/app/controllers/settings_controller.rb": [
        1,
        1,
        null,
        1,
        1,
        1,
        null,
        null,
        null
      ],
      "/Users/travisvalentine/hungry-projects/open_source/POP/app/controllers/solution_downvotes_controller.rb": [
        1,
        1,
        null,
        1,
        0,
        0,
        0,
        0,
        null,
        0,
        null,
        null,
        null
      ],
      "/Users/travisvalentine/hungry-projects/open_source/POP/app/controllers/solution_upvotes_controller.rb": [
        1,
        1,
        null,
        1,
        0,
        0,
        0,
        0,
        null,
        0,
        null,
        null,
        null
      ],
      "/Users/travisvalentine/hungry-projects/open_source/POP/app/controllers/solutions_controller.rb": [
        1,
        1,
        1,
        null,
        1,
        0,
        null,
        null,
        1,
        0,
        0,
        0,
        0,
        0,
        null,
        0,
        null,
        null,
        null,
        null,
        null,
        1,
        0,
        null,
        null,
        1,
        0,
        0,
        0,
        0,
        null,
        null,
        1,
        1,
        0,
        null,
        null
      ],
      "/Users/travisvalentine/hungry-projects/open_source/POP/app/controllers/users_controller.rb": [
        1,
        1,
        null,
        1,
        10,
        10,
        10,
        1,
        null,
        null,
        null,
        1,
        1,
        1,
        1,
        1,
        1,
        null,
        0,
        null,
        null,
        null,
        1,
        0,
        null,
        null,
        1,
        0,
        0,
        0,
        null,
        0,
        null,
        null,
        null,
        1,
        0,
        0,
        0,
        null,
        0,
        null,
        null,
        null,
        null
      ],
      "/Users/travisvalentine/hungry-projects/open_source/POP/app/mailers/user_mailer.rb": [
        1,
        null,
        null,
        1,
        null,
        null,
        null,
        null,
        null,
        null,
        1,
        7,
        7,
        null,
        null
      ],
      "/Users/travisvalentine/hungry-projects/open_source/POP/app/models/comment.rb": [
        1,
        1,
        null,
        1,
        null,
        null
      ],
      "/Users/travisvalentine/hungry-projects/open_source/POP/app/models/factcheck.rb": [
        1,
        1,
        null,
        1,
        null,
        null
      ],
      "/Users/travisvalentine/hungry-projects/open_source/POP/app/models/issue.rb": [
        1,
        1,
        1,
        null,
        1,
        1,
        null,
        null
      ],
      "/Users/travisvalentine/hungry-projects/open_source/POP/app/models/issue_problem.rb": [
        1,
        1,
        null,
        1,
        1,
        null,
        null
      ],
      "/Users/travisvalentine/hungry-projects/open_source/POP/app/models/problem.rb": [
        1,
        1,
        null,
        1,
        null,
        null,
        1,
        null,
        1,
        null,
        1,
        1,
        null,
        1,
        null,
        1,
        null,
        1,
        0,
        0,
        0,
        null,
        null,
        null,
        1,
        0,
        null,
        null,
        1,
        19,
        null,
        null,
        1,
        0,
        null,
        null,
        null
      ],
      "/Users/travisvalentine/hungry-projects/open_source/POP/app/models/problem_solution.rb": [
        1,
        1,
        1,
        null
      ],
      "/Users/travisvalentine/hungry-projects/open_source/POP/app/models/profile.rb": [
        1,
        1,
        null,
        null,
        1,
        1,
        null,
        1,
        null,
        1,
        null,
        1,
        null,
        1,
        null,
        1,
        0,
        0,
        0,
        0,
        0,
        0,
        0,
        null,
        null,
        null,
        1,
        117,
        null,
        null,
        1,
        10,
        null,
        null,
        1,
        6,
        null,
        null,
        1,
        34,
        null,
        null,
        1,
        null,
        null,
        0,
        null,
        null,
        null
      ],
      "/Users/travisvalentine/hungry-projects/open_source/POP/app/models/solution.rb": [
        1,
        1,
        null,
        1,
        null,
        null,
        null,
        null,
        1,
        1,
        null,
        1,
        null,
        1,
        null
      ],
      "/Users/travisvalentine/hungry-projects/open_source/POP/app/models/user.rb": [
        1,
        1,
        1,
        null,
        null,
        null,
        1,
        null,
        1,
        null,
        1,
        1,
        1,
        null,
        1,
        null,
        1,
        1,
        1,
        1,
        null,
        1,
        null,
        null,
        null,
        1,
        null,
        1,
        null,
        null,
        1,
        null,
        null,
        null,
        null,
        1,
        null,
        null,
        1,
        null,
        1,
        null,
        1,
        18,
        18,
        null,
        null,
        1,
        18,
        null,
        null,
        1,
        0,
        0,
        0,
        null,
        null,
        null,
        1,
        6,
        6,
        6,
        6,
        null,
        null,
        1,
        null,
        6,
        6,
        null,
        null,
        1,
        0,
        null,
        null,
        null,
        null,
        null,
        null,
        null,
        1,
        null,
        null,
        0,
        null,
        null,
        null,
        1,
        0,
        0,
        null,
        0,
        0,
        0,
        0,
        null,
        null,
        null,
        null,
        1,
        null,
        1,
        50,
        45,
        null,
        null,
        1,
        null,
        357,
        null,
        null,
        1,
        63,
        null,
        null,
        1,
        51,
        null,
        null,
        null
      ],
      "/Users/travisvalentine/hungry-projects/open_source/POP/app/workers/emailer.rb": [
        1,
        1,
        null,
        1,
        0,
        0,
        null,
        null,
        null
      ],
      "/Users/travisvalentine/hungry-projects/open_source/POP/spec/support/requests/mailer_macros.rb": [
        1,
        1,
        1,
        null,
        null,
        1,
        1,
        null,
        null
      ],
      "/Users/travisvalentine/hungry-projects/open_source/POP/spec/support/requests/user_request_helpers.rb": [
        1,
        1,
        18,
        18,
        18,
        18,
        null,
        null,
        1,
        0,
        0,
        0,
        null,
        null,
        null,
        1,
        6,
        6,
        6,
        null,
        6,
        6,
        6,
        6,
        6,
        null,
        null,
        1,
        0,
        null,
        0,
        null,
        null,
        null,
        1,
        0,
        null,
        null
      ],
      "/Users/travisvalentine/hungry-projects/open_source/POP/spec/controllers/problems_controller_spec.rb": [
        1,
        null,
        1,
        1,
        1,
        1,
        1,
        null,
        1,
        1,
        0,
        null,
        null,
        null,
        null
      ],
      "/Users/travisvalentine/hungry-projects/open_source/POP/spec/controllers/sessions_controller_spec.rb": [
        1,
        null,
        1,
        3,
        3,
        null,
        1,
        1,
        1,
        1,
        null,
        null,
        null,
        1,
        1,
        1,
        null,
        null,
        null,
        null,
        null
      ],
      "/Users/travisvalentine/hungry-projects/open_source/POP/spec/controllers/users_controller_spec.rb": [
        1,
        null,
        1,
        null,
        null,
        null,
        null,
        null,
        null,
        null,
        null,
        null,
        null,
        null,
        null,
        null,
        null,
        null,
        null,
        null,
        null,
        null,
        null,
        null,
        null,
        null
      ],
      "/Users/travisvalentine/hungry-projects/open_source/POP/spec/mailers/user_mailer_spec.rb": [
        1,
        1,
        2,
        2,
        2,
        null,
        1,
        1,
        1,
        1,
        1,
        null,
        null,
        null
      ],
      "/Users/travisvalentine/hungry-projects/open_source/POP/spec/models/solution_spec.rb": [
        1,
        null,
        1,
        2,
        2,
        2,
        2,
        null,
        1,
        1,
        1,
        null,
        null,
        null
      ],
      "/Users/travisvalentine/hungry-projects/open_source/POP/spec/models/user_spec.rb": [
        1,
        null,
        1,
        6,
        6,
        null,
        1,
        null,
        1,
        1,
        1,
        1,
        1,
        null,
        null,
        1,
        1,
        1,
        null,
        null,
        1,
        1,
        1,
        null,
        null,
        null,
        1,
        1,
        1,
        null,
        null,
        null,
        1,
        1,
        1,
        null,
        null,
        null,
        null,
        null
      ],
      "/Users/travisvalentine/hungry-projects/open_source/POP/spec/requests/password_reset_request_spec.rb": [
        1,
        null,
        1,
        5,
        5,
        null,
        1,
        1,
        3,
        null,
        null,
        1,
        1,
        null,
        null,
        1,
        1,
        1,
        1,
        1,
        null,
        null,
        1,
        1,
        1,
        null,
        null,
        null,
        null,
        1,
        1,
        1,
        1,
        1,
        1,
        1,
        1,
        1,
        1,
        1,
        1,
        null,
        null,
        null
      ],
      "/Users/travisvalentine/hungry-projects/open_source/POP/spec/requests/problem_request_spec.rb": [
        1,
        null,
        1,
        11,
        11,
        11,
        3,
        null,
        null,
        null,
        null,
        3,
        null,
        null,
        null,
        null,
        11,
        null,
        1,
        10,
        10,
        null,
        null,
        1,
        1,
        10,
        10,
        10,
        null,
        null,
        1,
        1,
        1,
        1,
        null,
        null,
        1,
        1,
        5,
        null,
        null,
        1,
        1,
        null,
        null,
        1,
        1,
        1,
        null,
        null,
        null,
        1,
        1,
        1,
        null,
        null,
        null,
        1,
        1,
        1,
        null,
        null,
        null,
        1,
        1,
        1,
        null,
        null,
        null,
        null,
        1,
        1,
        2,
        2,
        null,
        null,
        1,
        1,
        1,
        1,
        null,
        null,
        null,
        1,
        1,
        1,
        null,
        null,
        null,
        null,
        1,
        1,
        2,
        2,
        null,
        null,
        1,
        1,
        null,
        null,
        1,
        1,
        1,
        1,
        null,
        1,
        1,
        1,
        null,
        null,
        null,
        null,
        null,
        null,
        null,
        null
      ],
      "/Users/travisvalentine/hungry-projects/open_source/POP/spec/requests/user_request_spec.rb": [
        1,
        null,
        1,
        16,
        15,
        5,
        null,
        1,
        1,
        1,
        1,
        1,
        1,
        null,
        null,
        null,
        null,
        1,
        1,
        8,
        8,
        8,
        null,
        null,
        1,
        1,
        4,
        4,
        null,
        null,
        1,
        1,
        null,
        null,
        1,
        1,
        null,
        null,
        1,
        1,
        null,
        null,
        1,
        1,
        1,
        null,
        null,
        null,
        1,
        null,
        1,
        1,
        1,
        null,
        null,
        1,
        1,
        1,
        1,
        null,
        1,
        null,
        null,
        1,
        1,
        1,
        1,
        null,
        1,
        1,
        1,
        null,
        null,
        1,
        1,
        1,
        1,
        null,
        1,
        null,
        null,
        null,
        null,
        1,
        7,
        1,
        1,
        1,
        null,
        1,
        1,
        1,
        1,
        null,
        null,
        1,
        1,
        6,
        6,
        null,
        null,
        1,
        1,
        1,
        1,
        null,
        null,
        1,
        1,
        1,
        0,
        0,
        0,
        null,
        null,
        1,
        1,
        0,
        0,
        0,
        null,
        null,
        1,
        1,
        0,
        0,
        0,
        null,
        null,
        1,
        1,
        0,
        0,
        0,
        null,
        null,
        1,
        1,
        0,
        0,
        0,
        null,
        null,
        null,
        null,
        1,
        1,
        1,
        1,
        1,
        1,
        1,
        1,
        1,
        1,
        1,
        null,
        null,
        1,
        4,
        null,
        null,
        null,
        null,
        null
      ]
    },
    "timestamp": 1348795346
  }
}
